<?xml version="1.0" encoding="UTF-8"?>
<!-- Generated by org.testng.reporters.JUnitReportReporter -->
<testsuite skipped="2" hostname="LAPTOP-1L9Q5GFL" name="com.mmp.testcases.LoginPageTest" tests="3" failures="0" timestamp="18 Oct 2019 12:44:50 GMT" time="0.002" errors="1">
  <testcase name="intiateDriverInstance" time="0.000" classname="com.mmp.testcases.LoginPageTest">
    <error type="org.testng.TestNGException" message="
Parameter &#039;browserType&#039; is required by BeforeTest on method intiateDriverInstance but has not been marked @Optional or defined
in C:\Users\SK_admin\AppData\Local\Temp\testng-eclipse-2137359195\testng-customsuite.xml">
      <![CDATA[org.testng.TestNGException: 
Parameter 'browserType' is required by BeforeTest on method intiateDriverInstance but has not been marked @Optional or defined
in C:\Users\SK_admin\AppData\Local\Temp\testng-eclipse-2137359195\testng-customsuite.xml
	at org.testng.internal.Parameters.createParameters(Parameters.java:199)
	at org.testng.internal.Parameters.createParameters(Parameters.java:443)
	at org.testng.internal.Parameters.createConfigurationParameters(Parameters.java:118)
	at org.testng.internal.Invoker.invokeConfigurations(Invoker.java:206)
	at org.testng.internal.Invoker.invokeConfigurations(Invoker.java:146)
	at org.testng.TestRunner.beforeRun(TestRunner.java:626)
	at org.testng.TestRunner.run(TestRunner.java:594)
	at org.testng.SuiteRunner.runTest(SuiteRunner.java:380)
	at org.testng.SuiteRunner.runSequentially(SuiteRunner.java:375)
	at org.testng.SuiteRunner.privateRun(SuiteRunner.java:340)
	at org.testng.SuiteRunner.run(SuiteRunner.java:289)
	at org.testng.SuiteRunnerWorker.runSuite(SuiteRunnerWorker.java:52)
	at org.testng.SuiteRunnerWorker.run(SuiteRunnerWorker.java:86)
	at org.testng.TestNG.runSuitesSequentially(TestNG.java:1301)
	at org.testng.TestNG.runSuitesLocally(TestNG.java:1226)
	at org.testng.TestNG.runSuites(TestNG.java:1144)
	at org.testng.TestNG.run(TestNG.java:1115)
	at org.testng.remote.AbstractRemoteTestNG.run(AbstractRemoteTestNG.java:115)
	at org.testng.remote.RemoteTestNG.initAndRun(RemoteTestNG.java:251)
	at org.testng.remote.RemoteTestNG.main(RemoteTestNG.java:77)
]]>
    </error>
  </testcase> <!-- intiateDriverInstance -->
  <testcase name="LoginPagetitleTest" time="0.002" classname="com.mmp.testcases.LoginPageTest">
    <skipped/>
  </testcase> <!-- LoginPagetitleTest -->
  <testcase name="LoginTest" time="0.000" classname="com.mmp.testcases.LoginPageTest">
    <skipped/>
  </testcase> <!-- LoginTest -->
</testsuite> <!-- com.mmp.testcases.LoginPageTest -->
