<?xml version="1.0" encoding="UTF-8"?>
<!-- Generated by org.testng.reporters.JUnitXMLReporter -->
<testsuite hostname="LAPTOP-1L9Q5GFL" ignored="0" name="Default test" tests="1" failures="0" timestamp="2019-10-28T15:04:35 EDT" time="0.065" errors="0">
  <testcase name="@BeforeTest intiateDriverInstance" time="-1.572289475382E9" classname="com.mmp.base.TestBaseClass">
    <failure type="org.testng.TestNGException" message="
Parameter &amp;apos;browserType&amp;apos; is required by BeforeTest on method intiateDriverInstance but has not been marked @Optional or defined
in C:\Users\SK_admin\AppData\Local\Temp\testng-eclipse--1036814938\testng-customsuite.xml">
      <![CDATA[org.testng.TestNGException: 
Parameter 'browserType' is required by BeforeTest on method intiateDriverInstance but has not been marked @Optional or defined
in C:\Users\SK_admin\AppData\Local\Temp\testng-eclipse--1036814938\testng-customsuite.xml
at org.testng.internal.Parameters.createParams(Parameters.java:289)
at org.testng.internal.Parameters.createParametersForMethod(Parameters.java:377)
at org.testng.internal.Parameters.createParameters(Parameters.java:721)
at org.testng.internal.Parameters.createConfigurationParameters(Parameters.java:164)
at org.testng.internal.ConfigInvoker.invokeConfigurations(ConfigInvoker.java:275)
at org.testng.TestRunner.invokeTestConfigurations(TestRunner.java:623)
at org.testng.TestRunner.beforeRun(TestRunner.java:613)
at org.testng.TestRunner.run(TestRunner.java:584)
at org.testng.SuiteRunner.runTest(SuiteRunner.java:402)
at org.testng.SuiteRunner.runSequentially(SuiteRunner.java:396)
at org.testng.SuiteRunner.privateRun(SuiteRunner.java:355)
at org.testng.SuiteRunner.run(SuiteRunner.java:304)
at org.testng.SuiteRunnerWorker.runSuite(SuiteRunnerWorker.java:53)
at org.testng.SuiteRunnerWorker.run(SuiteRunnerWorker.java:96)
at org.testng.TestNG.runSuitesSequentially(TestNG.java:1180)
at org.testng.TestNG.runSuitesLocally(TestNG.java:1102)
at org.testng.TestNG.runSuites(TestNG.java:1032)
at org.testng.TestNG.run(TestNG.java:1000)
at org.testng.remote.AbstractRemoteTestNG.run(AbstractRemoteTestNG.java:115)
at org.testng.remote.RemoteTestNG.initAndRun(RemoteTestNG.java:251)
at org.testng.remote.RemoteTestNG.main(RemoteTestNG.java:77)
]]>
    </failure>
  </testcase> <!-- @BeforeTest intiateDriverInstance -->
  <testcase name="@BeforeTest validateAppointment" time="-1.572289475395E9" classname="com.mmp.testcases.US_004_ScheduleAppointment">
    <skipped/>
  </testcase> <!-- @BeforeTest validateAppointment -->
  <testcase name="validateAppointment" time="0.0" classname="com.mmp.testcases.US_004_ScheduleAppointment">
    <skipped/>
  </testcase> <!-- validateAppointment -->
</testsuite> <!-- Default test -->
